[2023-06-27 00:05:24] INFO root fetch - main [MainThread]: Get Changelog since Serial: [18653337]
[2023-06-27 00:05:29] INFO root fetch - main [MainThread]: Found 9 changed packages
[2023-06-27 00:05:29] INFO root fetch - processPackages [ThreadPoolExecutor-0_0]: Start processing: css-selector-minifier
[2023-06-27 00:05:29] INFO root fetch - processPackages [ThreadPoolExecutor-0_1]: Start processing: wallaroo
[2023-06-27 00:05:29] INFO root fetch - processPackages [ThreadPoolExecutor-0_2]: Start processing: data-aggregator
[2023-06-27 00:05:29] INFO root fetch - processPackages [ThreadPoolExecutor-0_3]: Start processing: torch-grammar
[2023-06-27 00:05:29] INFO root fetch - processPackages [ThreadPoolExecutor-0_4]: Start processing: MGSurvE
[2023-06-27 00:05:29] INFO root fetch - processPackages [ThreadPoolExecutor-0_5]: Start processing: sentry-arroyo
[2023-06-27 00:05:29] INFO root fetch - processPackages [ThreadPoolExecutor-0_6]: Start processing: langsmith
[2023-06-27 00:05:29] INFO root fetch - processPackages [ThreadPoolExecutor-0_7]: Start processing: drfetools
[2023-06-27 00:05:29] INFO root fetch - processPackages [ThreadPoolExecutor-0_8]: Start processing: fast-matrix-market
[2023-06-27 00:05:29] INFO root fetch - processPackages [data-aggregator]: New version: [1.2.1] Old Version: [1.1.2]
[2023-06-27 00:05:29] INFO root fetch - processPackages [wallaroo]: New version: [2023.2.1rc1] Old Version: [2023.2.0rc4]
[2023-06-27 00:05:29] INFO root fetch - processPackages [css-selector-minifier]: New version: [2.0] Old Version: [1.2.15]
[2023-06-27 00:05:29] INFO root fetch - processPackages [torch-grammar]: New version: [0.3.0] Old Version: [0.2.1]
[2023-06-27 00:05:29] WARNING root fetch - processPackages [langsmith]: Skipping, unable to determine old version
[2023-06-27 00:05:29] INFO root fetch - main [MainThread]: End processing [langsmith] error
[2023-06-27 00:05:29] INFO root fetch - processPackages [MGSurvE]: New version: [1.0.3] Old Version: [1.0.2]
[2023-06-27 00:05:29] INFO root fetch - processPackages [sentry-arroyo]: New version: [2.9.1] Old Version: [2.9.0]
[2023-06-27 00:05:29] INFO root fetch - processPackages [fast-matrix-market]: New version: [1.7.1] Old Version: [1.7.0]
[2023-06-27 00:05:29] INFO root fetch - processPackages [drfetools]: New version: [0.3.1] Old Version: [0.3.0]
[2023-06-27 00:05:29] INFO root fetch - processPackages [MGSurvE]: Downloading https://files.pythonhosted.org/packages/3d/17/a07496419a6bc660d511967bd97e9400d11fcd4e2b6b681b1119774e2b78/MGSurvE-1.0.2.tar.gz
[2023-06-27 00:05:29] INFO root fetch - processPackages [fast-matrix-market]: Downloading https://files.pythonhosted.org/packages/5e/f0/d3f0c63694c3a57d54a49ea52eea096b3056f85ebf58024524d3bff1ef96/fast-matrix-market-1.7.0.tar.gz
[2023-06-27 00:05:29] INFO root fetch - processPackages [data-aggregator]: Downloading https://files.pythonhosted.org/packages/1c/0a/b671c9544e3b95f6f0272c9754073ef7b0df44d670653b87afa56f775ebc/data_aggregator-1.1.2.tar.gz
[2023-06-27 00:05:29] INFO root fetch - processPackages [css-selector-minifier]: Downloading https://files.pythonhosted.org/packages/5c/02/eb7c2cc8ef4b34d8fc876b59c99c13706d67baaad2a8de7f82b2e8c1b303/css_selector_minifier-1.2.15.tar.gz
[2023-06-27 00:05:29] INFO root fetch - processPackages [wallaroo]: Downloading https://files.pythonhosted.org/packages/1c/22/3a9a6d021303e71e96a8a537a758f9d9fe68694caac9b62c0f2209d0452c/wallaroo-2023.2.0rc4-py3-none-any.whl
[2023-06-27 00:05:29] INFO root fetch - processPackages [sentry-arroyo]: Downloading https://files.pythonhosted.org/packages/33/e1/d5ea1b22b184f43c89eebc82467cf5401a9d986666a8ea6294a7b4969699/sentry-arroyo-2.9.0.tar.gz
[2023-06-27 00:05:29] INFO root fetch - processPackages [drfetools]: Downloading https://files.pythonhosted.org/packages/c0/82/e7559d32fb756ccc3f92cb34651c634c2aee91d6bf1bc61d192cd7709ab8/drfetools-0.3.0.tar.gz
[2023-06-27 00:05:29] INFO root fetch - processPackages [torch-grammar]: Downloading https://files.pythonhosted.org/packages/f3/2a/a2559ae951f651962109789909a1db640d26492d8466c9a5a162f41544a8/torch_grammar-0.2.1.tar.gz
[2023-06-27 00:05:29] INFO root fetch - processPackages [MGSurvE]: Downloading https://files.pythonhosted.org/packages/4e/6d/07e72778fb28b129536c68ed2f04124226ed60037ed8db4bd3fc80ff39fc/MGSurvE-1.0.3.tar.gz
[2023-06-27 00:05:29] INFO root fetch - processPackages [fast-matrix-market]: Downloading https://files.pythonhosted.org/packages/8a/78/d4fd716cddca43c5b526c70a989ea091cac39eb0b7bf866f7d296e914a7c/fast-matrix-market-1.7.1.tar.gz
[2023-06-27 00:05:29] INFO root fetch - processPackages [css-selector-minifier]: Downloading https://files.pythonhosted.org/packages/1f/5a/7d2d69b2fe30771631962df3974d7118f7f7f8c071ce35b5210b1142c85c/css_selector_minifier-2.0.tar.gz
[2023-06-27 00:05:29] INFO root fetch - processPackages [data-aggregator]: Downloading https://files.pythonhosted.org/packages/1d/da/231125b7fff64cfdb5a5b7629c1f4e2e055c0c46d705914b8964cab63b7a/data_aggregator-1.2.1.tar.gz
[2023-06-27 00:05:29] INFO root fetch - processPackages [sentry-arroyo]: Downloading https://files.pythonhosted.org/packages/d4/1a/90766875f9eaa1377c255103ddf3aa1ef3182ea97e8782b0779ebd2e4769/sentry-arroyo-2.9.1.tar.gz
[2023-06-27 00:05:29] INFO root fetch - processPackages [fast-matrix-market]: executing diffoscope
[2023-06-27 00:05:29] INFO root fetch - processPackages [fast-matrix-market]: podman run --user 0:0 --rm -w /home/abi/fetcher -v /home/abi/fetcher/tmp:/home/abi/fetcher/tmp:ro -v /home/abi/fetcher/20230627:/home/abi/fetcher/20230627:rw registry.salsa.debian.org/reproducible-builds/diffoscope --no-progress tmp/fast-matrix-market-1.7.0.tar.gz tmp/fast-matrix-market-1.7.1.tar.gz --markdown 20230627/f/fast-matrix-market/1.7.0-1.7.1/diff.md --exclude *.pyd
[2023-06-27 00:05:29] INFO root fetch - processPackages [MGSurvE]: executing diffoscope
[2023-06-27 00:05:29] INFO root fetch - processPackages [MGSurvE]: podman run --user 0:0 --rm -w /home/abi/fetcher -v /home/abi/fetcher/tmp:/home/abi/fetcher/tmp:ro -v /home/abi/fetcher/20230627:/home/abi/fetcher/20230627:rw registry.salsa.debian.org/reproducible-builds/diffoscope --no-progress tmp/MGSurvE-1.0.2.tar.gz tmp/MGSurvE-1.0.3.tar.gz --markdown 20230627/M/MGSurvE/1.0.2-1.0.3/diff.md --exclude *.pyd
[2023-06-27 00:05:29] INFO root fetch - processPackages [css-selector-minifier]: executing diffoscope
[2023-06-27 00:05:29] INFO root fetch - processPackages [css-selector-minifier]: podman run --user 0:0 --rm -w /home/abi/fetcher -v /home/abi/fetcher/tmp:/home/abi/fetcher/tmp:ro -v /home/abi/fetcher/20230627:/home/abi/fetcher/20230627:rw registry.salsa.debian.org/reproducible-builds/diffoscope --no-progress tmp/css_selector_minifier-1.2.15.tar.gz tmp/css_selector_minifier-2.0.tar.gz --markdown 20230627/c/css-selector-minifier/1.2.15-2.0/diff.md --exclude *.pyd
[2023-06-27 00:05:29] INFO root fetch - processPackages [torch-grammar]: Downloading https://files.pythonhosted.org/packages/3b/c8/0766aa59e67196c51feee1804b3667a9869ebf50890d2a3c5b2f6a826a0a/torch_grammar-0.3.0.tar.gz
[2023-06-27 00:05:29] INFO root fetch - processPackages [drfetools]: Downloading https://files.pythonhosted.org/packages/4d/01/9f84a0870575a670ad1d7f4cc2e9db5a8c0f8d1a2cb0337962c70ac7a753/drfetools-0.3.1.tar.gz
[2023-06-27 00:05:29] INFO root fetch - processPackages [data-aggregator]: executing diffoscope
[2023-06-27 00:05:29] INFO root fetch - processPackages [data-aggregator]: podman run --user 0:0 --rm -w /home/abi/fetcher -v /home/abi/fetcher/tmp:/home/abi/fetcher/tmp:ro -v /home/abi/fetcher/20230627:/home/abi/fetcher/20230627:rw registry.salsa.debian.org/reproducible-builds/diffoscope --no-progress tmp/data_aggregator-1.1.2.tar.gz tmp/data_aggregator-1.2.1.tar.gz --markdown 20230627/d/data-aggregator/1.1.2-1.2.1/diff.md --exclude *.pyd
[2023-06-27 00:05:29] INFO root fetch - processPackages [wallaroo]: Downloading https://files.pythonhosted.org/packages/22/e0/14d18414a7be22871bbd75c56110f5281e85946fda340b0680b833243880/wallaroo-2023.2.1rc1.tar.gz
[2023-06-27 00:05:29] INFO root fetch - processPackages [sentry-arroyo]: executing diffoscope
[2023-06-27 00:05:29] INFO root fetch - processPackages [sentry-arroyo]: podman run --user 0:0 --rm -w /home/abi/fetcher -v /home/abi/fetcher/tmp:/home/abi/fetcher/tmp:ro -v /home/abi/fetcher/20230627:/home/abi/fetcher/20230627:rw registry.salsa.debian.org/reproducible-builds/diffoscope --no-progress tmp/sentry-arroyo-2.9.0.tar.gz tmp/sentry-arroyo-2.9.1.tar.gz --markdown 20230627/s/sentry-arroyo/2.9.0-2.9.1/diff.md --exclude *.pyd
[2023-06-27 00:05:29] INFO root fetch - processPackages [torch-grammar]: executing diffoscope
[2023-06-27 00:05:29] INFO root fetch - processPackages [torch-grammar]: podman run --user 0:0 --rm -w /home/abi/fetcher -v /home/abi/fetcher/tmp:/home/abi/fetcher/tmp:ro -v /home/abi/fetcher/20230627:/home/abi/fetcher/20230627:rw registry.salsa.debian.org/reproducible-builds/diffoscope --no-progress tmp/torch_grammar-0.2.1.tar.gz tmp/torch_grammar-0.3.0.tar.gz --markdown 20230627/t/torch-grammar/0.2.1-0.3.0/diff.md --exclude *.pyd
[2023-06-27 00:05:30] INFO root fetch - processPackages [drfetools]: executing diffoscope
[2023-06-27 00:05:30] INFO root fetch - processPackages [drfetools]: podman run --user 0:0 --rm -w /home/abi/fetcher -v /home/abi/fetcher/tmp:/home/abi/fetcher/tmp:ro -v /home/abi/fetcher/20230627:/home/abi/fetcher/20230627:rw registry.salsa.debian.org/reproducible-builds/diffoscope --no-progress tmp/drfetools-0.3.0.tar.gz tmp/drfetools-0.3.1.tar.gz --markdown 20230627/d/drfetools/0.3.0-0.3.1/diff.md --exclude *.pyd
[2023-06-27 00:05:30] INFO root fetch - processPackages [wallaroo]: executing diffoscope
[2023-06-27 00:05:30] INFO root fetch - processPackages [wallaroo]: podman run --user 0:0 --rm -w /home/abi/fetcher -v /home/abi/fetcher/tmp:/home/abi/fetcher/tmp:ro -v /home/abi/fetcher/20230627:/home/abi/fetcher/20230627:rw registry.salsa.debian.org/reproducible-builds/diffoscope --no-progress tmp/wallaroo-2023.2.0rc4-py3-none-any.whl.zip tmp/wallaroo-2023.2.1rc1.tar.gz --markdown 20230627/w/wallaroo/2023.2.0rc4-2023.2.1rc1/diff.md --exclude *.pyd
[2023-06-27 00:05:31] INFO root fetch - processPackages [css-selector-minifier]: Remove: archive file [/home/abi/fetcher/tmp/css_selector_minifier-1.2.15.tar.gz]
[2023-06-27 00:05:31] INFO root fetch - processPackages [css-selector-minifier]: Remove: archive file [/home/abi/fetcher/tmp/css_selector_minifier-2.0.tar.gz]
[2023-06-27 00:05:31] INFO root fetch - main [MainThread]: End processing [css-selector-minifier]: success
[2023-06-27 00:05:31] INFO root fetch - processPackages [MGSurvE]: Remove: archive file [/home/abi/fetcher/tmp/MGSurvE-1.0.2.tar.gz]
[2023-06-27 00:05:31] INFO root fetch - processPackages [MGSurvE]: Remove: archive file [/home/abi/fetcher/tmp/MGSurvE-1.0.3.tar.gz]
[2023-06-27 00:05:31] INFO root fetch - main [MainThread]: End processing [MGSurvE]: success
[2023-06-27 00:05:31] INFO root fetch - processPackages [torch-grammar]: Remove: archive file [/home/abi/fetcher/tmp/torch_grammar-0.2.1.tar.gz]
[2023-06-27 00:05:31] INFO root fetch - processPackages [torch-grammar]: Remove: archive file [/home/abi/fetcher/tmp/torch_grammar-0.3.0.tar.gz]
[2023-06-27 00:05:31] INFO root fetch - main [MainThread]: End processing [torch-grammar]: success
[2023-06-27 00:05:31] INFO root fetch - processPackages [sentry-arroyo]: Remove: archive file [/home/abi/fetcher/tmp/sentry-arroyo-2.9.0.tar.gz]
[2023-06-27 00:05:31] INFO root fetch - processPackages [sentry-arroyo]: Remove: archive file [/home/abi/fetcher/tmp/sentry-arroyo-2.9.1.tar.gz]
[2023-06-27 00:05:31] INFO root fetch - main [MainThread]: End processing [sentry-arroyo]: success
[2023-06-27 00:05:31] INFO root fetch - processPackages [fast-matrix-market]: Remove: archive file [/home/abi/fetcher/tmp/fast-matrix-market-1.7.0.tar.gz]
[2023-06-27 00:05:31] INFO root fetch - processPackages [fast-matrix-market]: Remove: archive file [/home/abi/fetcher/tmp/fast-matrix-market-1.7.1.tar.gz]
[2023-06-27 00:05:31] INFO root fetch - main [MainThread]: End processing [fast-matrix-market]: success
[2023-06-27 00:05:31] INFO root fetch - processPackages [drfetools]: Remove: archive file [/home/abi/fetcher/tmp/drfetools-0.3.0.tar.gz]
[2023-06-27 00:05:31] INFO root fetch - processPackages [drfetools]: Remove: archive file [/home/abi/fetcher/tmp/drfetools-0.3.1.tar.gz]
[2023-06-27 00:05:31] INFO root fetch - main [MainThread]: End processing [drfetools]: success
[2023-06-27 00:05:31] INFO root fetch - processPackages [data-aggregator]: Remove: archive file [/home/abi/fetcher/tmp/data_aggregator-1.1.2.tar.gz]
[2023-06-27 00:05:31] INFO root fetch - processPackages [data-aggregator]: Remove: archive file [/home/abi/fetcher/tmp/data_aggregator-1.2.1.tar.gz]
[2023-06-27 00:05:31] INFO root fetch - main [MainThread]: End processing [data-aggregator]: success
[2023-06-27 00:05:38] INFO root fetch - processPackages [wallaroo]: Remove: archive file [/home/abi/fetcher/tmp/wallaroo-2023.2.0rc4-py3-none-any.whl.zip]
[2023-06-27 00:05:38] INFO root fetch - processPackages [wallaroo]: Remove: archive file [/home/abi/fetcher/tmp/wallaroo-2023.2.1rc1.tar.gz]
[2023-06-27 00:05:38] INFO root fetch - main [MainThread]: End processing [wallaroo]: success
[2023-06-27 00:05:38] INFO root fetch - main [MainThread]: Store serial: [18653377]
[2023-06-27 00:10:56] INFO root fetch - main [MainThread]: Get Changelog since Serial: [18653377]
[2023-06-27 00:11:01] INFO root fetch - main [MainThread]: Found 11 changed packages
[2023-06-27 00:11:01] INFO root fetch - processPackages [ThreadPoolExecutor-0_0]: Start processing: vegafusion-python-embed
[2023-06-27 00:11:01] INFO root fetch - processPackages [ThreadPoolExecutor-0_1]: Start processing: trimnet
[2023-06-27 00:11:01] INFO root fetch - processPackages [ThreadPoolExecutor-0_2]: Start processing: orso
[2023-06-27 00:11:01] INFO root fetch - processPackages [ThreadPoolExecutor-0_3]: Start processing: result
[2023-06-27 00:11:01] INFO root fetch - processPackages [ThreadPoolExecutor-0_4]: Start processing: vegafusion
[2023-06-27 00:11:01] INFO root fetch - processPackages [ThreadPoolExecutor-0_5]: Start processing: vegafusion-jupyter
[2023-06-27 00:11:01] INFO root fetch - processPackages [ThreadPoolExecutor-0_6]: Start processing: telexy.sam
[2023-06-27 00:11:01] INFO root fetch - processPackages [ThreadPoolExecutor-0_7]: Start processing: featurepy
[2023-06-27 00:11:01] INFO root fetch - processPackages [ThreadPoolExecutor-0_8]: Start processing: pepperize.cdk-serverless-cluster-from-snapshot
[2023-06-27 00:11:01] INFO root fetch - processPackages [ThreadPoolExecutor-0_9]: Start processing: iblm
[2023-06-27 00:11:01] INFO root fetch - processPackages [featurepy]: New version: [0.2.3] Old Version: [0.2.2.1]
[2023-06-27 00:11:01] INFO root fetch - processPackages [trimnet]: New version: [1.0.3] Old Version: [1.0.1]
[2023-06-27 00:11:01] INFO root fetch - processPackages [telexy.sam]: New version: [1.23.627] Old Version: [1.23.626]
[2023-06-27 00:11:01] INFO root fetch - processPackages [vegafusion-python-embed]: New version: [1.4.0rc1] Old Version: [1.3.0rc4]
[2023-06-27 00:11:01] INFO root fetch - processPackages [orso]: New version: [0.0.9] Old Version: [0.0.8]
[2023-06-27 00:11:01] INFO root fetch - processPackages [featurepy]: Downloading https://files.pythonhosted.org/packages/29/61/2d31eb7f162d111a15cd4cd72fc389c0beaf282d97c15f83dda683e160ff/featurepy-0.2.2.1.tar.gz
[2023-06-27 00:11:02] INFO root fetch - processPackages [orso]: Downloading https://files.pythonhosted.org/packages/1c/66/5aad0089df0da0e221630da2c585677459a251fa6db22921c5846de42924/orso-0.0.8.tar.gz
[2023-06-27 00:11:02] INFO root fetch - processPackages [vegafusion]: New version: [1.4.0rc1] Old Version: [1.3.0rc4]
[2023-06-27 00:11:02] INFO root fetch - processPackages [result]: New version: [0.9.0] Old Version: [0.8.0b1]
[2023-06-27 00:11:02] INFO root fetch - processPackages [vegafusion-jupyter]: New version: [1.4.0rc1] Old Version: [1.3.0rc4]
[2023-06-27 00:11:02] INFO root fetch - processPackages [iblm]: New version: [0.1.45] Old Version: [0.1.1]
[2023-06-27 00:11:02] INFO root fetch - processPackages [pepperize.cdk-serverless-cluster-from-snapshot]: New version: [0.0.99] Old Version: [0.0.98]
[2023-06-27 00:11:02] INFO root fetch - processPackages [trimnet]: Downloading https://files.pythonhosted.org/packages/4a/f6/592a07f6e301f512c41de6baec8b9498317a02384e61fa387d1d01a413b7/trimnet-1.0.1.tar.gz
[2023-06-27 00:11:02] INFO root fetch - processPackages [vegafusion-python-embed]: Downloading https://files.pythonhosted.org/packages/61/fc/2da387b42c7ed49f9b461d66a6098f8c400232ed1499ff5056d719cdfdd6/vegafusion_python_embed-1.3.0_rc4.tar.gz
[2023-06-27 00:11:02] INFO root fetch - processPackages [telexy.sam]: Downloading https://files.pythonhosted.org/packages/2d/fb/f3e8666a5dc3d51e04677a0e99a4a7f80c46b56e3f2b018b38701dba3188/telexy.sam-1.23.626-py3-none-any.whl
[2023-06-27 00:11:02] INFO root fetch - processPackages [featurepy]: Downloading https://files.pythonhosted.org/packages/75/bb/3110099b66d254889585d3d73f3e19b394f9384905c66669f7f7430b593d/featurepy-0.2.3.tar.gz
[2023-06-27 00:11:02] INFO root fetch - processPackages [orso]: Downloading https://files.pythonhosted.org/packages/d0/a6/e427d299b4d15d22164372c94c2665865951bb26973a967eca19d3d2493c/orso-0.0.9.tar.gz
[2023-06-27 00:11:02] INFO root fetch - processPackages [vegafusion]: Downloading https://files.pythonhosted.org/packages/e8/51/d6c056f58269f22317e132bd493e6caccb814f6f5aa5f8cacb155df21b57/vegafusion-1.3.0rc4.tar.gz
[2023-06-27 00:11:02] INFO root fetch - processPackages [featurepy]: executing diffoscope
[2023-06-27 00:11:02] INFO root fetch - processPackages [featurepy]: podman run --user 0:0 --rm -w /home/abi/fetcher -v /home/abi/fetcher/tmp:/home/abi/fetcher/tmp:ro -v /home/abi/fetcher/20230627:/home/abi/fetcher/20230627:rw registry.salsa.debian.org/reproducible-builds/diffoscope --no-progress tmp/featurepy-0.2.2.1.tar.gz tmp/featurepy-0.2.3.tar.gz --markdown 20230627/f/featurepy/0.2.2.1-0.2.3/diff.md --exclude *.pyd
[2023-06-27 00:11:02] INFO root fetch - processPackages [orso]: executing diffoscope
[2023-06-27 00:11:02] INFO root fetch - processPackages [orso]: podman run --user 0:0 --rm -w /home/abi/fetcher -v /home/abi/fetcher/tmp:/home/abi/fetcher/tmp:ro -v /home/abi/fetcher/20230627:/home/abi/fetcher/20230627:rw registry.salsa.debian.org/reproducible-builds/diffoscope --no-progress tmp/orso-0.0.8.tar.gz tmp/orso-0.0.9.tar.gz --markdown 20230627/o/orso/0.0.8-0.0.9/diff.md --exclude *.pyd
[2023-06-27 00:11:02] INFO root fetch - processPackages [result]: Downloading https://files.pythonhosted.org/packages/7d/82/86e2b39e6c16e534e4f904f54e5f86c160ad29d6fc9a8a32bc3f5f4bb835/result-0.8.0b1.tar.gz
[2023-06-27 00:11:02] INFO root fetch - processPackages [vegafusion-jupyter]: Downloading https://files.pythonhosted.org/packages/ff/db/ed963bd6ff7cdbca0b842a29c7ff7746ffdca9d3f73638a0471550a6e812/vegafusion-jupyter-1.3.0rc4.tar.gz
[2023-06-27 00:11:02] INFO root fetch - processPackages [iblm]: Downloading https://files.pythonhosted.org/packages/42/8b/83e70df4532188843ccecc93d4397078abc01874ce11a9bcbdd51e4e68b5/iblm-0.1.1.tar.gz
[2023-06-27 00:11:02] INFO root fetch - processPackages [pepperize.cdk-serverless-cluster-from-snapshot]: Downloading https://files.pythonhosted.org/packages/41/ed/5efe219dc09a3767781b18e59998e46265479245ef5e56798033e654efe2/pepperize.cdk-serverless-cluster-from-snapshot-0.0.98.tar.gz
[2023-06-27 00:11:02] INFO root fetch - processPackages [trimnet]: Downloading https://files.pythonhosted.org/packages/b8/b8/a20032d623db8640fb62e263ecdd5b694c8a3512ca33804272bade84be8d/trimnet-1.0.3.tar.gz
[2023-06-27 00:11:02] INFO root fetch - processPackages [telexy.sam]: Downloading https://files.pythonhosted.org/packages/de/fe/13a61267561ecda763732a10e5c844c5897af92ee1bb61d8b49528b56c91/telexy.sam-1.23.627.tar.gz
[2023-06-27 00:11:02] INFO root fetch - processPackages [trimnet]: executing diffoscope
[2023-06-27 00:11:02] INFO root fetch - processPackages [trimnet]: podman run --user 0:0 --rm -w /home/abi/fetcher -v /home/abi/fetcher/tmp:/home/abi/fetcher/tmp:ro -v /home/abi/fetcher/20230627:/home/abi/fetcher/20230627:rw registry.salsa.debian.org/reproducible-builds/diffoscope --no-progress tmp/trimnet-1.0.1.tar.gz tmp/trimnet-1.0.3.tar.gz --markdown 20230627/t/trimnet/1.0.1-1.0.3/diff.md --exclude *.pyd
[2023-06-27 00:11:02] INFO root fetch - processPackages [telexy.sam]: executing diffoscope
[2023-06-27 00:11:02] INFO root fetch - processPackages [telexy.sam]: podman run --user 0:0 --rm -w /home/abi/fetcher -v /home/abi/fetcher/tmp:/home/abi/fetcher/tmp:ro -v /home/abi/fetcher/20230627:/home/abi/fetcher/20230627:rw registry.salsa.debian.org/reproducible-builds/diffoscope --no-progress tmp/telexy.sam-1.23.626-py3-none-any.whl.zip tmp/telexy.sam-1.23.627.tar.gz --markdown 20230627/t/telexy.sam/1.23.626-1.23.627/diff.md --exclude *.pyd
[2023-06-27 00:11:02] INFO root fetch - processPackages [vegafusion]: Downloading https://files.pythonhosted.org/packages/2b/75/b1ec62b47e4a644d6186c5db0b848fe9a977df591419ed54dab935161b90/vegafusion-1.4.0rc1.tar.gz
[2023-06-27 00:11:02] INFO root fetch - processPackages [pepperize.cdk-serverless-cluster-from-snapshot]: Downloading https://files.pythonhosted.org/packages/0a/e1/974dfac343666db334bd3dc6b819d5e46e3769ce75e9baccd0067702f4ad/pepperize.cdk-serverless-cluster-from-snapshot-0.0.99.tar.gz
[2023-06-27 00:11:02] INFO root fetch - processPackages [iblm]: Downloading https://files.pythonhosted.org/packages/27/37/cc6b577d14e2542c4be4829cdbf4324267a125c4181017bcd458d9f77295/iblm-0.1.45.tar.gz
[2023-06-27 00:11:02] INFO root fetch - processPackages [vegafusion]: executing diffoscope
[2023-06-27 00:11:02] INFO root fetch - processPackages [vegafusion]: podman run --user 0:0 --rm -w /home/abi/fetcher -v /home/abi/fetcher/tmp:/home/abi/fetcher/tmp:ro -v /home/abi/fetcher/20230627:/home/abi/fetcher/20230627:rw registry.salsa.debian.org/reproducible-builds/diffoscope --no-progress tmp/vegafusion-1.3.0rc4.tar.gz tmp/vegafusion-1.4.0rc1.tar.gz --markdown 20230627/v/vegafusion/1.3.0rc4-1.4.0rc1/diff.md --exclude *.pyd
[2023-06-27 00:11:02] INFO root fetch - processPackages [pepperize.cdk-serverless-cluster-from-snapshot]: executing diffoscope
[2023-06-27 00:11:02] INFO root fetch - processPackages [pepperize.cdk-serverless-cluster-from-snapshot]: podman run --user 0:0 --rm -w /home/abi/fetcher -v /home/abi/fetcher/tmp:/home/abi/fetcher/tmp:ro -v /home/abi/fetcher/20230627:/home/abi/fetcher/20230627:rw registry.salsa.debian.org/reproducible-builds/diffoscope --no-progress tmp/pepperize.cdk-serverless-cluster-from-snapshot-0.0.98.tar.gz tmp/pepperize.cdk-serverless-cluster-from-snapshot-0.0.99.tar.gz --markdown 20230627/p/pepperize.cdk-serverless-cluster-from-snapshot/0.0.98-0.0.99/diff.md --exclude *.pyd
[2023-06-27 00:11:02] INFO root fetch - processPackages [iblm]: executing diffoscope
[2023-06-27 00:11:02] INFO root fetch - processPackages [iblm]: podman run --user 0:0 --rm -w /home/abi/fetcher -v /home/abi/fetcher/tmp:/home/abi/fetcher/tmp:ro -v /home/abi/fetcher/20230627:/home/abi/fetcher/20230627:rw registry.salsa.debian.org/reproducible-builds/diffoscope --no-progress tmp/iblm-0.1.1.tar.gz tmp/iblm-0.1.45.tar.gz --markdown 20230627/i/iblm/0.1.1-0.1.45/diff.md --exclude *.pyd
[2023-06-27 00:11:02] INFO root fetch - processPackages [result]: Downloading https://files.pythonhosted.org/packages/e1/d2/a6ac37982c8e314f71acd5d4a509dfde718f0c0fc8590b35b7d64101097e/result-0.9.0.tar.gz
[2023-06-27 00:11:02] INFO root fetch - processPackages [result]: executing diffoscope
[2023-06-27 00:11:02] INFO root fetch - processPackages [result]: podman run --user 0:0 --rm -w /home/abi/fetcher -v /home/abi/fetcher/tmp:/home/abi/fetcher/tmp:ro -v /home/abi/fetcher/20230627:/home/abi/fetcher/20230627:rw registry.salsa.debian.org/reproducible-builds/diffoscope --no-progress tmp/result-0.8.0b1.tar.gz tmp/result-0.9.0.tar.gz --markdown 20230627/r/result/0.8.0b1-0.9.0/diff.md --exclude *.pyd
[2023-06-27 00:11:03] INFO root fetch - processPackages [orso]: Remove: archive file [/home/abi/fetcher/tmp/orso-0.0.8.tar.gz]
[2023-06-27 00:11:03] INFO root fetch - processPackages [orso]: Remove: archive file [/home/abi/fetcher/tmp/orso-0.0.9.tar.gz]
[2023-06-27 00:11:03] INFO root fetch - processPackages [orso]: Start processing: word-search-generator
[2023-06-27 00:11:03] INFO root fetch - main [MainThread]: End processing [orso]: success
[2023-06-27 00:11:03] INFO root fetch - processPackages [telexy.sam]: Remove: archive file [/home/abi/fetcher/tmp/telexy.sam-1.23.626-py3-none-any.whl.zip]
[2023-06-27 00:11:03] INFO root fetch - processPackages [telexy.sam]: Remove: archive file [/home/abi/fetcher/tmp/telexy.sam-1.23.627.tar.gz]
[2023-06-27 00:11:03] INFO root fetch - main [MainThread]: End processing [telexy.sam]: success
[2023-06-27 00:11:03] INFO root fetch - processPackages [trimnet]: Remove: archive file [/home/abi/fetcher/tmp/trimnet-1.0.1.tar.gz]
[2023-06-27 00:11:03] INFO root fetch - processPackages [trimnet]: Remove: archive file [/home/abi/fetcher/tmp/trimnet-1.0.3.tar.gz]
[2023-06-27 00:11:03] INFO root fetch - main [MainThread]: End processing [trimnet]: success
[2023-06-27 00:11:03] INFO root fetch - processPackages [featurepy]: Remove: archive file [/home/abi/fetcher/tmp/featurepy-0.2.2.1.tar.gz]
[2023-06-27 00:11:03] INFO root fetch - processPackages [featurepy]: Remove: archive file [/home/abi/fetcher/tmp/featurepy-0.2.3.tar.gz]
[2023-06-27 00:11:03] INFO root fetch - main [MainThread]: End processing [featurepy]: success
[2023-06-27 00:11:03] INFO root fetch - processPackages [word-search-generator]: New version: [3.4.0] Old Version: [3.3.0]
[2023-06-27 00:11:03] INFO root fetch - processPackages [vegafusion-jupyter]: Downloading https://files.pythonhosted.org/packages/84/c8/7498406f0e3824abc375dffc79040e9bfae7fb2e315aaed6df69246c94f3/vegafusion-jupyter-1.4.0rc1.tar.gz
[2023-06-27 00:11:03] INFO root fetch - processPackages [iblm]: Remove: archive file [/home/abi/fetcher/tmp/iblm-0.1.1.tar.gz]
[2023-06-27 00:11:03] INFO root fetch - processPackages [iblm]: Remove: archive file [/home/abi/fetcher/tmp/iblm-0.1.45.tar.gz]
[2023-06-27 00:11:03] INFO root fetch - main [MainThread]: End processing [iblm]: success
[2023-06-27 00:11:04] INFO root fetch - processPackages [vegafusion-python-embed]: Downloading https://files.pythonhosted.org/packages/39/29/367307db91fd8807af63a9b588d2095b51e7b5c8b33533dce92e35c7a64b/vegafusion_python_embed-1.4.0_rc1.tar.gz
[2023-06-27 00:11:04] INFO root fetch - processPackages [word-search-generator]: Downloading https://files.pythonhosted.org/packages/32/c1/91d99a59a09d6665e7a8854f05d4dfc58d802e3b53c4aeaf5f3ef2476b55/word-search-generator-3.3.0.tar.gz
[2023-06-27 00:11:04] INFO root fetch - processPackages [word-search-generator]: Downloading https://files.pythonhosted.org/packages/e7/f0/c4a47f5539db63c5b3f70d0abd3f05b470ad97bc15058840d5a519bad44b/word-search-generator-3.4.0.tar.gz
[2023-06-27 00:11:04] INFO root fetch - processPackages [vegafusion]: Remove: archive file [/home/abi/fetcher/tmp/vegafusion-1.3.0rc4.tar.gz]
[2023-06-27 00:11:04] INFO root fetch - processPackages [vegafusion]: Remove: archive file [/home/abi/fetcher/tmp/vegafusion-1.4.0rc1.tar.gz]
[2023-06-27 00:11:04] INFO root fetch - main [MainThread]: End processing [vegafusion]: success
[2023-06-27 00:11:04] INFO root fetch - processPackages [result]: Remove: archive file [/home/abi/fetcher/tmp/result-0.8.0b1.tar.gz]
[2023-06-27 00:11:04] INFO root fetch - processPackages [result]: Remove: archive file [/home/abi/fetcher/tmp/result-0.9.0.tar.gz]
[2023-06-27 00:11:04] INFO root fetch - main [MainThread]: End processing [result]: success
[2023-06-27 00:11:04] INFO root fetch - processPackages [word-search-generator]: executing diffoscope
[2023-06-27 00:11:04] INFO root fetch - processPackages [word-search-generator]: podman run --user 0:0 --rm -w /home/abi/fetcher -v /home/abi/fetcher/tmp:/home/abi/fetcher/tmp:ro -v /home/abi/fetcher/20230627:/home/abi/fetcher/20230627:rw registry.salsa.debian.org/reproducible-builds/diffoscope --no-progress tmp/word-search-generator-3.3.0.tar.gz tmp/word-search-generator-3.4.0.tar.gz --markdown 20230627/w/word-search-generator/3.3.0-3.4.0/diff.md --exclude *.pyd
[2023-06-27 00:11:04] INFO root fetch - processPackages [vegafusion-jupyter]: executing diffoscope
[2023-06-27 00:11:04] INFO root fetch - processPackages [vegafusion-jupyter]: podman run --user 0:0 --rm -w /home/abi/fetcher -v /home/abi/fetcher/tmp:/home/abi/fetcher/tmp:ro -v /home/abi/fetcher/20230627:/home/abi/fetcher/20230627:rw registry.salsa.debian.org/reproducible-builds/diffoscope --no-progress tmp/vegafusion-jupyter-1.3.0rc4.tar.gz tmp/vegafusion-jupyter-1.4.0rc1.tar.gz --markdown 20230627/v/vegafusion-jupyter/1.3.0rc4-1.4.0rc1/diff.md --exclude *.pyd
[2023-06-27 00:11:05] INFO root fetch - processPackages [pepperize.cdk-serverless-cluster-from-snapshot]: Remove: archive file [/home/abi/fetcher/tmp/pepperize.cdk-serverless-cluster-from-snapshot-0.0.98.tar.gz]
[2023-06-27 00:11:05] INFO root fetch - processPackages [pepperize.cdk-serverless-cluster-from-snapshot]: Remove: archive file [/home/abi/fetcher/tmp/pepperize.cdk-serverless-cluster-from-snapshot-0.0.99.tar.gz]
[2023-06-27 00:11:05] INFO root fetch - main [MainThread]: End processing [pepperize.cdk-serverless-cluster-from-snapshot]: success
[2023-06-27 00:11:05] INFO root fetch - processPackages [vegafusion-python-embed]: executing diffoscope
[2023-06-27 00:11:05] INFO root fetch - processPackages [vegafusion-python-embed]: podman run --user 0:0 --rm -w /home/abi/fetcher -v /home/abi/fetcher/tmp:/home/abi/fetcher/tmp:ro -v /home/abi/fetcher/20230627:/home/abi/fetcher/20230627:rw registry.salsa.debian.org/reproducible-builds/diffoscope --no-progress tmp/vegafusion_python_embed-1.3.0_rc4.tar.gz tmp/vegafusion_python_embed-1.4.0_rc1.tar.gz --markdown 20230627/v/vegafusion-python-embed/1.3.0rc4-1.4.0rc1/diff.md --exclude *.pyd
[2023-06-27 00:11:05] INFO root fetch - processPackages [word-search-generator]: Remove: archive file [/home/abi/fetcher/tmp/word-search-generator-3.3.0.tar.gz]
[2023-06-27 00:11:05] INFO root fetch - processPackages [word-search-generator]: Remove: archive file [/home/abi/fetcher/tmp/word-search-generator-3.4.0.tar.gz]
[2023-06-27 00:11:05] INFO root fetch - main [MainThread]: End processing [word-search-generator]: success
[2023-06-27 00:11:38] INFO root fetch - processPackages [vegafusion-python-embed]: Remove: archive file [/home/abi/fetcher/tmp/vegafusion_python_embed-1.3.0_rc4.tar.gz]
[2023-06-27 00:11:38] INFO root fetch - processPackages [vegafusion-python-embed]: Remove: archive file [/home/abi/fetcher/tmp/vegafusion_python_embed-1.4.0_rc1.tar.gz]
[2023-06-27 00:11:38] INFO root fetch - main [MainThread]: End processing [vegafusion-python-embed]: success
[2023-06-27 00:13:29] INFO root fetch - processPackages [vegafusion-jupyter]: Remove: archive file [/home/abi/fetcher/tmp/vegafusion-jupyter-1.3.0rc4.tar.gz]
[2023-06-27 00:13:29] INFO root fetch - processPackages [vegafusion-jupyter]: Remove: archive file [/home/abi/fetcher/tmp/vegafusion-jupyter-1.4.0rc1.tar.gz]
[2023-06-27 00:13:29] INFO root fetch - main [MainThread]: End processing [vegafusion-jupyter]: success
[2023-06-27 00:13:29] INFO root fetch - main [MainThread]: Store serial: [18653464]
[2023-06-27 00:18:47] INFO root fetch - main [MainThread]: Get Changelog since Serial: [18653464]
[2023-06-27 00:18:52] INFO root fetch - main [MainThread]: Found 14 changed packages
[2023-06-27 00:18:52] INFO root fetch - processPackages [ThreadPoolExecutor-0_0]: Start processing: aws-terraform-registry
[2023-06-27 00:18:52] INFO root fetch - processPackages [ThreadPoolExecutor-0_1]: Start processing: ramanspy
[2023-06-27 00:18:52] INFO root fetch - processPackages [ThreadPoolExecutor-0_2]: Start processing: fixit1
[2023-06-27 00:18:52] INFO root fetch - processPackages [ThreadPoolExecutor-0_3]: Start processing: PureFlow
[2023-06-27 00:18:52] INFO root fetch - processPackages [ThreadPoolExecutor-0_4]: Start processing: ovos-stt-http-server
[2023-06-27 00:18:52] INFO root fetch - processPackages [ThreadPoolExecutor-0_5]: Start processing: pepperize.cdk-serverless-cluster-from-snapshot
[2023-06-27 00:18:52] INFO root fetch - processPackages [ThreadPoolExecutor-0_6]: Start processing: metamaterailanalisiscode
[2023-06-27 00:18:52] INFO root fetch - processPackages [ThreadPoolExecutor-0_7]: Start processing: vwo-python-sdk
[2023-06-27 00:18:52] INFO root fetch - processPackages [ThreadPoolExecutor-0_8]: Start processing: shub-workflow
[2023-06-27 00:18:52] INFO root fetch - processPackages [ThreadPoolExecutor-0_9]: Start processing: vwo-python-sdk
[2023-06-27 00:18:52] WARNING root fetch - processPackages [metamaterailanalisiscode]: Skipping, unable to determine old version
[2023-06-27 00:18:52] INFO root fetch - processPackages [metamaterailanalisiscode]: Start processing: datahtml
[2023-06-27 00:18:52] INFO root fetch - main [MainThread]: End processing [metamaterailanalisiscode] error
[2023-06-27 00:18:52] INFO root fetch - processPackages [vwo-python-sdk]: New version: [1.9.0] Old Version: [1.8.2]
[2023-06-27 00:18:52] WARNING root fetch - processPackages [PureFlow]: Skipping, unable to determine old version
[2023-06-27 00:18:52] INFO root fetch - processPackages [PureFlow]: Start processing: descarteslabs
[2023-06-27 00:18:52] INFO root fetch - main [MainThread]: End processing [PureFlow] error
[2023-06-27 00:18:52] INFO root fetch - processPackages [aws-terraform-registry]: New version: [1.1.0] Old Version: [1.0.0]
[2023-06-27 00:18:52] INFO root fetch - processPackages [shub-workflow]: New version: [1.9.7.4] Old Version: [1.9.7.3]
[2023-06-27 00:18:52] INFO root fetch - processPackages [ramanspy]: New version: [0.0.3] Old Version: [0.0.2]
[2023-06-27 00:18:52] INFO root fetch - processPackages [ovos-stt-http-server]: New version: [0.0.2a9] Old Version: [0.0.2a8]
[2023-06-27 00:18:52] WARNING root fetch - processPackages [fixit1]: Skipping, unable to determine old version
[2023-06-27 00:18:52] INFO root fetch - processPackages [fixit1]: Start processing: upSmtEngine
[2023-06-27 00:18:52] INFO root fetch - main [MainThread]: End processing [fixit1] error
[2023-06-27 00:18:52] INFO root fetch - processPackages [vwo-python-sdk]: New version: [1.9.0] Old Version: [1.8.2]
[2023-06-27 00:18:52] INFO root fetch - processPackages [datahtml]: New version: [0.4.0rc5] Old Version: [0.4.0rc4]
[2023-06-27 00:18:52] INFO root fetch - processPackages [pepperize.cdk-serverless-cluster-from-snapshot]: New version: [0.0.99] Old Version: [0.0.98]
[2023-06-27 00:18:52] INFO root fetch - processPackages [datahtml]: Downloading https://files.pythonhosted.org/packages/93/cd/71cad63a3e8c01cd40d3c51f48446390060bf24d4ee8a8a12198de612624/datahtml-0.4.0rc4.tar.gz
[2023-06-27 00:18:52] INFO root fetch - processPackages [descarteslabs]: New version: [2.0.2] Old Version: [2.0.1]
[2023-06-27 00:18:52] WARNING root fetch - processPackages [upSmtEngine]: Skipping, unable to determine old version
[2023-06-27 00:18:52] INFO root fetch - processPackages [upSmtEngine]: Start processing: pyscal-rdf
[2023-06-27 00:18:52] INFO root fetch - main [MainThread]: End processing [upSmtEngine] error
[2023-06-27 00:18:52] INFO root fetch - processPackages [vwo-python-sdk]: Downloading https://files.pythonhosted.org/packages/43/9e/831877c33ce8e4f020b1efcae45cc76f3cf9f114301cf91c925dadedbad4/vwo-python-sdk-1.8.2.tar.gz
[2023-06-27 00:18:52] INFO root fetch - processPackages [vwo-python-sdk]: Downloading https://files.pythonhosted.org/packages/43/9e/831877c33ce8e4f020b1efcae45cc76f3cf9f114301cf91c925dadedbad4/vwo-python-sdk-1.8.2.tar.gz
[2023-06-27 00:18:52] INFO root fetch - processPackages [ovos-stt-http-server]: Downloading https://files.pythonhosted.org/packages/ff/6e/e83d3b6b2bd58bd3acb15073483478b99cb57dbdac3a823d79a810f1794c/ovos-stt-http-server-0.0.2a8.tar.gz
[2023-06-27 00:18:52] INFO root fetch - processPackages [pepperize.cdk-serverless-cluster-from-snapshot]: Downloading https://files.pythonhosted.org/packages/41/ed/5efe219dc09a3767781b18e59998e46265479245ef5e56798033e654efe2/pepperize.cdk-serverless-cluster-from-snapshot-0.0.98.tar.gz
[2023-06-27 00:18:52] INFO root fetch - processPackages [pyscal-rdf]: New version: [0.0.9] Old Version: [0.0.8]
[2023-06-27 00:18:52] INFO root fetch - processPackages [ramanspy]: Downloading https://files.pythonhosted.org/packages/ef/d0/63ebba5fb6f2fedc0f644f997d507dbd48d30db720812a0f46883e4ed16b/ramanspy-0.0.2.tar.gz
[2023-06-27 00:18:52] INFO root fetch - processPackages [shub-workflow]: Downloading https://files.pythonhosted.org/packages/b8/b5/f37b87a1a4c72917366bc3b9794f1729c62b0130131750ba52c35c41e5e4/shub-workflow-1.9.7.3.tar.gz
[2023-06-27 00:18:52] INFO root fetch - processPackages [aws-terraform-registry]: Downloading https://files.pythonhosted.org/packages/5f/ee/2858dc75f040638235b5f7d464db12191cfbf2e9dfe600c100edc27cdd28/aws_terraform_registry-1.0.0.tar.gz
[2023-06-27 00:18:53] INFO root fetch - processPackages [pyscal-rdf]: Downloading https://files.pythonhosted.org/packages/04/54/bf7e5d92ad74c3b176e626f9aca73b00337aa83fdf5fa33eea1f4d603301/pyscal_rdf-0.0.8.tar.gz
[2023-06-27 00:18:53] INFO root fetch - processPackages [descarteslabs]: Downloading https://files.pythonhosted.org/packages/49/df/3770b4f33add83879a68a477777c2663fa3a1e54db212cb7957daeae5e17/descarteslabs-2.0.1.tar.gz
[2023-06-27 00:18:53] INFO root fetch - processPackages [pyscal-rdf]: Downloading https://files.pythonhosted.org/packages/82/a9/9a3fd59cf64235fa5874c1942120a967ca65204c9f100e13ddeae2199426/pyscal_rdf-0.0.9.tar.gz
[2023-06-27 00:18:53] INFO root fetch - processPackages [pepperize.cdk-serverless-cluster-from-snapshot]: Downloading https://files.pythonhosted.org/packages/0a/e1/974dfac343666db334bd3dc6b819d5e46e3769ce75e9baccd0067702f4ad/pepperize.cdk-serverless-cluster-from-snapshot-0.0.99.tar.gz
[2023-06-27 00:18:53] INFO root fetch - processPackages [ramanspy]: Downloading https://files.pythonhosted.org/packages/0e/f1/87569ed3a3c76f172b634fad05b702f5d16aaa6fdd58a25b7c4aeb1e475c/ramanspy-0.0.3.tar.gz
[2023-06-27 00:18:53] INFO root fetch - processPackages [vwo-python-sdk]: Downloading https://files.pythonhosted.org/packages/da/72/3c1b74f57b5b647b27a01d8c3a65b25ee7acc4aa566fa905f1dde110e5d2/vwo-python-sdk-1.9.0.tar.gz
[2023-06-27 00:18:53] INFO root fetch - processPackages [vwo-python-sdk]: Downloading https://files.pythonhosted.org/packages/da/72/3c1b74f57b5b647b27a01d8c3a65b25ee7acc4aa566fa905f1dde110e5d2/vwo-python-sdk-1.9.0.tar.gz
[2023-06-27 00:18:53] INFO root fetch - processPackages [pyscal-rdf]: executing diffoscope
[2023-06-27 00:18:53] INFO root fetch - processPackages [pyscal-rdf]: podman run --user 0:0 --rm -w /home/abi/fetcher -v /home/abi/fetcher/tmp:/home/abi/fetcher/tmp:ro -v /home/abi/fetcher/20230627:/home/abi/fetcher/20230627:rw registry.salsa.debian.org/reproducible-builds/diffoscope --no-progress tmp/pyscal_rdf-0.0.8.tar.gz tmp/pyscal_rdf-0.0.9.tar.gz --markdown 20230627/p/pyscal-rdf/0.0.8-0.0.9/diff.md --exclude *.pyd
[2023-06-27 00:18:53] INFO root fetch - processPackages [aws-terraform-registry]: Downloading https://files.pythonhosted.org/packages/50/a9/811f82e718860365570b7f8e0e4e966be9a9efa991a0b0e68aabfa49ff94/aws_terraform_registry-1.1.0.tar.gz
[2023-06-27 00:18:53] INFO root fetch - processPackages [datahtml]: Downloading https://files.pythonhosted.org/packages/56/67/83548ca4821a57beef534c4bbf9ef87c7c9bcc4fff13723e405409c3aaa0/datahtml-0.4.0rc5.tar.gz
[2023-06-27 00:18:53] INFO root fetch - processPackages [shub-workflow]: Downloading https://files.pythonhosted.org/packages/06/49/c3ec898ce5372e567e1a288374d950650ae37bcffa6f46c6d7233228eee6/shub-workflow-1.9.7.4.tar.gz
[2023-06-27 00:18:53] INFO root fetch - processPackages [ovos-stt-http-server]: Downloading https://files.pythonhosted.org/packages/fc/d1/2a4c484248ab21a0d86d7a61a2e11b4dad5321d196d5600f1b33a1e202a0/ovos-stt-http-server-0.0.2a9.tar.gz
[2023-06-27 00:18:53] INFO root fetch - processPackages [pepperize.cdk-serverless-cluster-from-snapshot]: executing diffoscope
[2023-06-27 00:18:53] INFO root fetch - processPackages [pepperize.cdk-serverless-cluster-from-snapshot]: podman run --user 0:0 --rm -w /home/abi/fetcher -v /home/abi/fetcher/tmp:/home/abi/fetcher/tmp:ro -v /home/abi/fetcher/20230627:/home/abi/fetcher/20230627:rw registry.salsa.debian.org/reproducible-builds/diffoscope --no-progress tmp/pepperize.cdk-serverless-cluster-from-snapshot-0.0.98.tar.gz tmp/pepperize.cdk-serverless-cluster-from-snapshot-0.0.99.tar.gz --markdown 20230627/p/pepperize.cdk-serverless-cluster-from-snapshot/0.0.98-0.0.99/diff.md --exclude *.pyd
[2023-06-27 00:18:53] INFO root fetch - processPackages [vwo-python-sdk]: executing diffoscope
[2023-06-27 00:18:53] INFO root fetch - processPackages [vwo-python-sdk]: podman run --user 0:0 --rm -w /home/abi/fetcher -v /home/abi/fetcher/tmp:/home/abi/fetcher/tmp:ro -v /home/abi/fetcher/20230627:/home/abi/fetcher/20230627:rw registry.salsa.debian.org/reproducible-builds/diffoscope --no-progress tmp/vwo-python-sdk-1.8.2.tar.gz tmp/vwo-python-sdk-1.9.0.tar.gz --markdown 20230627/v/vwo-python-sdk/1.8.2-1.9.0/diff.md --exclude *.pyd
[2023-06-27 00:18:53] INFO root fetch - processPackages [ramanspy]: executing diffoscope
[2023-06-27 00:18:53] INFO root fetch - processPackages [ramanspy]: podman run --user 0:0 --rm -w /home/abi/fetcher -v /home/abi/fetcher/tmp:/home/abi/fetcher/tmp:ro -v /home/abi/fetcher/20230627:/home/abi/fetcher/20230627:rw registry.salsa.debian.org/reproducible-builds/diffoscope --no-progress tmp/ramanspy-0.0.2.tar.gz tmp/ramanspy-0.0.3.tar.gz --markdown 20230627/r/ramanspy/0.0.2-0.0.3/diff.md --exclude *.pyd
[2023-06-27 00:18:53] INFO root fetch - processPackages [vwo-python-sdk]: executing diffoscope
[2023-06-27 00:18:53] INFO root fetch - processPackages [vwo-python-sdk]: podman run --user 0:0 --rm -w /home/abi/fetcher -v /home/abi/fetcher/tmp:/home/abi/fetcher/tmp:ro -v /home/abi/fetcher/20230627:/home/abi/fetcher/20230627:rw registry.salsa.debian.org/reproducible-builds/diffoscope --no-progress tmp/vwo-python-sdk-1.8.2.tar.gz tmp/vwo-python-sdk-1.9.0.tar.gz --markdown 20230627/v/vwo-python-sdk/1.8.2-1.9.0/diff.md --exclude *.pyd
[2023-06-27 00:18:53] INFO root fetch - processPackages [aws-terraform-registry]: executing diffoscope
[2023-06-27 00:18:53] INFO root fetch - processPackages [aws-terraform-registry]: podman run --user 0:0 --rm -w /home/abi/fetcher -v /home/abi/fetcher/tmp:/home/abi/fetcher/tmp:ro -v /home/abi/fetcher/20230627:/home/abi/fetcher/20230627:rw registry.salsa.debian.org/reproducible-builds/diffoscope --no-progress tmp/aws_terraform_registry-1.0.0.tar.gz tmp/aws_terraform_registry-1.1.0.tar.gz --markdown 20230627/a/aws-terraform-registry/1.0.0-1.1.0/diff.md --exclude *.pyd
[2023-06-27 00:18:53] INFO root fetch - processPackages [descarteslabs]: Downloading https://files.pythonhosted.org/packages/5f/c3/40ae21c4e74b573c24ebf678f9bfd6178dd89a30d5e94d9a94590246dcd5/descarteslabs-2.0.2.tar.gz
[2023-06-27 00:18:53] INFO root fetch - processPackages [datahtml]: executing diffoscope
[2023-06-27 00:18:53] INFO root fetch - processPackages [datahtml]: podman run --user 0:0 --rm -w /home/abi/fetcher -v /home/abi/fetcher/tmp:/home/abi/fetcher/tmp:ro -v /home/abi/fetcher/20230627:/home/abi/fetcher/20230627:rw registry.salsa.debian.org/reproducible-builds/diffoscope --no-progress tmp/datahtml-0.4.0rc4.tar.gz tmp/datahtml-0.4.0rc5.tar.gz --markdown 20230627/d/datahtml/0.4.0rc4-0.4.0rc5/diff.md --exclude *.pyd
[2023-06-27 00:18:53] INFO root fetch - processPackages [shub-workflow]: executing diffoscope
[2023-06-27 00:18:53] INFO root fetch - processPackages [shub-workflow]: podman run --user 0:0 --rm -w /home/abi/fetcher -v /home/abi/fetcher/tmp:/home/abi/fetcher/tmp:ro -v /home/abi/fetcher/20230627:/home/abi/fetcher/20230627:rw registry.salsa.debian.org/reproducible-builds/diffoscope --no-progress tmp/shub-workflow-1.9.7.3.tar.gz tmp/shub-workflow-1.9.7.4.tar.gz --markdown 20230627/s/shub-workflow/1.9.7.3-1.9.7.4/diff.md --exclude *.pyd
[2023-06-27 00:18:53] INFO root fetch - processPackages [ovos-stt-http-server]: executing diffoscope
[2023-06-27 00:18:53] INFO root fetch - processPackages [ovos-stt-http-server]: podman run --user 0:0 --rm -w /home/abi/fetcher -v /home/abi/fetcher/tmp:/home/abi/fetcher/tmp:ro -v /home/abi/fetcher/20230627:/home/abi/fetcher/20230627:rw registry.salsa.debian.org/reproducible-builds/diffoscope --no-progress tmp/ovos-stt-http-server-0.0.2a8.tar.gz tmp/ovos-stt-http-server-0.0.2a9.tar.gz --markdown 20230627/o/ovos-stt-http-server/0.0.2a8-0.0.2a9/diff.md --exclude *.pyd
[2023-06-27 00:18:53] INFO root fetch - processPackages [descarteslabs]: executing diffoscope
[2023-06-27 00:18:53] INFO root fetch - processPackages [descarteslabs]: podman run --user 0:0 --rm -w /home/abi/fetcher -v /home/abi/fetcher/tmp:/home/abi/fetcher/tmp:ro -v /home/abi/fetcher/20230627:/home/abi/fetcher/20230627:rw registry.salsa.debian.org/reproducible-builds/diffoscope --no-progress tmp/descarteslabs-2.0.1.tar.gz tmp/descarteslabs-2.0.2.tar.gz --markdown 20230627/d/descarteslabs/2.0.1-2.0.2/diff.md --exclude *.pyd
[2023-06-27 00:18:55] INFO root fetch - processPackages [ovos-stt-http-server]: Remove: archive file [/home/abi/fetcher/tmp/ovos-stt-http-server-0.0.2a8.tar.gz]
[2023-06-27 00:18:55] INFO root fetch - processPackages [ovos-stt-http-server]: Remove: archive file [/home/abi/fetcher/tmp/ovos-stt-http-server-0.0.2a9.tar.gz]
[2023-06-27 00:18:55] INFO root fetch - main [MainThread]: End processing [ovos-stt-http-server]: success
[2023-06-27 00:18:55] INFO root fetch - processPackages [pyscal-rdf]: Remove: archive file [/home/abi/fetcher/tmp/pyscal_rdf-0.0.8.tar.gz]
[2023-06-27 00:18:55] INFO root fetch - processPackages [pyscal-rdf]: Remove: archive file [/home/abi/fetcher/tmp/pyscal_rdf-0.0.9.tar.gz]
[2023-06-27 00:18:55] INFO root fetch - main [MainThread]: End processing [pyscal-rdf]: success
[2023-06-27 00:18:55] INFO root fetch - processPackages [aws-terraform-registry]: Remove: archive file [/home/abi/fetcher/tmp/aws_terraform_registry-1.0.0.tar.gz]
[2023-06-27 00:18:55] INFO root fetch - processPackages [aws-terraform-registry]: Remove: archive file [/home/abi/fetcher/tmp/aws_terraform_registry-1.1.0.tar.gz]
[2023-06-27 00:18:55] INFO root fetch - main [MainThread]: End processing [aws-terraform-registry]: success
[2023-06-27 00:18:55] INFO root fetch - processPackages [vwo-python-sdk]: Remove: archive file [/home/abi/fetcher/tmp/vwo-python-sdk-1.8.2.tar.gz]
[2023-06-27 00:18:55] INFO root fetch - processPackages [vwo-python-sdk]: Remove: archive file [/home/abi/fetcher/tmp/vwo-python-sdk-1.9.0.tar.gz]
[2023-06-27 00:18:55] INFO root fetch - main [MainThread]: End processing [vwo-python-sdk]: success
[2023-06-27 00:18:55] INFO root fetch - processPackages [datahtml]: Remove: archive file [/home/abi/fetcher/tmp/datahtml-0.4.0rc4.tar.gz]
[2023-06-27 00:18:55] INFO root fetch - processPackages [datahtml]: Remove: archive file [/home/abi/fetcher/tmp/datahtml-0.4.0rc5.tar.gz]
[2023-06-27 00:18:55] INFO root fetch - main [MainThread]: End processing [datahtml]: success
[2023-06-27 00:18:55] INFO root fetch - processPackages [ramanspy]: Remove: archive file [/home/abi/fetcher/tmp/ramanspy-0.0.2.tar.gz]
[2023-06-27 00:18:55] INFO root fetch - processPackages [ramanspy]: Remove: archive file [/home/abi/fetcher/tmp/ramanspy-0.0.3.tar.gz]
[2023-06-27 00:18:55] INFO root fetch - main [MainThread]: End processing [ramanspy]: success
[2023-06-27 00:18:55] INFO root fetch - processPackages [shub-workflow]: Remove: archive file [/home/abi/fetcher/tmp/shub-workflow-1.9.7.3.tar.gz]
[2023-06-27 00:18:55] INFO root fetch - processPackages [shub-workflow]: Remove: archive file [/home/abi/fetcher/tmp/shub-workflow-1.9.7.4.tar.gz]
[2023-06-27 00:18:55] INFO root fetch - main [MainThread]: End processing [shub-workflow]: success
[2023-06-27 00:18:55] INFO root fetch - main [MainThread]: End processing [vwo-python-sdk]: success
[2023-06-27 00:18:56] INFO root fetch - processPackages [pepperize.cdk-serverless-cluster-from-snapshot]: Remove: archive file [/home/abi/fetcher/tmp/pepperize.cdk-serverless-cluster-from-snapshot-0.0.98.tar.gz]
[2023-06-27 00:18:56] INFO root fetch - processPackages [pepperize.cdk-serverless-cluster-from-snapshot]: Remove: archive file [/home/abi/fetcher/tmp/pepperize.cdk-serverless-cluster-from-snapshot-0.0.99.tar.gz]
[2023-06-27 00:18:56] INFO root fetch - main [MainThread]: End processing [pepperize.cdk-serverless-cluster-from-snapshot]: success
[2023-06-27 00:18:56] INFO root fetch - processPackages [descarteslabs]: Remove: archive file [/home/abi/fetcher/tmp/descarteslabs-2.0.1.tar.gz]
[2023-06-27 00:18:56] INFO root fetch - processPackages [descarteslabs]: Remove: archive file [/home/abi/fetcher/tmp/descarteslabs-2.0.2.tar.gz]
[2023-06-27 00:18:56] INFO root fetch - main [MainThread]: End processing [descarteslabs]: success
[2023-06-27 00:18:56] INFO root fetch - main [MainThread]: Store serial: [18653530]
[2023-06-27 00:24:00] INFO root fetch - main [MainThread]: Get Changelog since Serial: [18653530]
[2023-06-27 00:24:05] INFO root fetch - main [MainThread]: Found 7 changed packages
[2023-06-27 00:24:05] INFO root fetch - processPackages [ThreadPoolExecutor-0_0]: Start processing: BlueDesc-pywrapper
[2023-06-27 00:24:05] INFO root fetch - processPackages [ThreadPoolExecutor-0_1]: Start processing: vipes
[2023-06-27 00:24:05] INFO root fetch - processPackages [ThreadPoolExecutor-0_2]: Start processing: aind-data-transfer
[2023-06-27 00:24:05] INFO root fetch - processPackages [ThreadPoolExecutor-0_3]: Start processing: vivintpy
[2023-06-27 00:24:05] INFO root fetch - processPackages [ThreadPoolExecutor-0_4]: Start processing: modal-client
[2023-06-27 00:24:05] INFO root fetch - processPackages [ThreadPoolExecutor-0_5]: Start processing: modal
[2023-06-27 00:24:05] INFO root fetch - processPackages [ThreadPoolExecutor-0_6]: Start processing: taxhub
[2023-06-27 00:24:05] INFO root fetch - processPackages [vivintpy]: New version: [2023.3.4] Old Version: [2023.3.3]
[2023-06-27 00:24:05] WARNING root fetch - processPackages [BlueDesc-pywrapper]: Skipping, unable to determine old version
[2023-06-27 00:24:05] INFO root fetch - main [MainThread]: End processing [BlueDesc-pywrapper] error
[2023-06-27 00:24:05] INFO root fetch - processPackages [modal-client]: New version: [0.49.2475] Old Version: [0.49.2471]
[2023-06-27 00:24:05] INFO root fetch - processPackages [modal]: New version: [0.49.2475] Old Version: [0.49.2471]
[2023-06-27 00:24:05] WARNING root fetch - processPackages [vipes]: Skipping, unable to determine old version
[2023-06-27 00:24:05] INFO root fetch - main [MainThread]: End processing [vipes] error
[2023-06-27 00:24:05] INFO root fetch - processPackages [taxhub]: New version: [1.9.4] Old Version: [1.9.3]
[2023-06-27 00:24:05] INFO root fetch - processPackages [aind-data-transfer]: New version: [0.9.3] Old Version: [0.9.2]
[2023-06-27 00:24:05] INFO root fetch - processPackages [vivintpy]: Downloading https://files.pythonhosted.org/packages/d5/21/14c9773b61f865729923d666ef13fbdb9c685014ae0975351af37a0683d6/vivintpy-2023.3.3.tar.gz
[2023-06-27 00:24:05] INFO root fetch - processPackages [modal]: Downloading https://files.pythonhosted.org/packages/f9/86/bb7c1790450f4f22a96cee6647948e6669758fc108abd2f2181713ce1008/modal-0.49.2471-py3-none-any.whl
[2023-06-27 00:24:05] INFO root fetch - processPackages [taxhub]: Downloading https://files.pythonhosted.org/packages/fd/75/01b426153cfc0ef6a9b67a464442af324bd76c656db7c4fe44559fa46536/taxhub-1.9.3.tar.gz
[2023-06-27 00:24:05] INFO root fetch - processPackages [aind-data-transfer]: Downloading https://files.pythonhosted.org/packages/c6/c0/d43cf5b63152fa04e14114f721f196be5dd4bdfdd260c46ab01f94dbc621/aind-data-transfer-0.9.2.tar.gz
[2023-06-27 00:24:05] INFO root fetch - processPackages [modal-client]: Downloading https://files.pythonhosted.org/packages/82/52/5a6445b7bb30899d2c2e9d8810c27ceccba92368d99b1e1f3d4e39a3a34c/modal_client-0.49.2471-py3-none-any.whl
[2023-06-27 00:24:05] INFO root fetch - processPackages [modal]: Downloading https://files.pythonhosted.org/packages/40/ec/54c66255f6a415dbad7187482f18cb883a99e1b30e67293e94aec06a46b8/modal-0.49.2475-py3-none-any.whl
[2023-06-27 00:24:05] INFO root fetch - processPackages [modal-client]: Downloading https://files.pythonhosted.org/packages/4a/74/dc673fb0e406f798d6482e986fa6cf471b8ef4bd8a411a926ad4859c0be5/modal_client-0.49.2475-py3-none-any.whl
[2023-06-27 00:24:05] INFO root fetch - processPackages [aind-data-transfer]: Downloading https://files.pythonhosted.org/packages/ee/dc/9a630eab65d1c84402e0889b488d378cf516a68beee16401bf6e0c916cff/aind-data-transfer-0.9.3.tar.gz
[2023-06-27 00:24:05] INFO root fetch - processPackages [vivintpy]: Downloading https://files.pythonhosted.org/packages/a3/98/e1e6c57048222aaad5c022fbd252f2cb964a7038e67248f4eb5c70aef9af/vivintpy-2023.3.4.tar.gz
[2023-06-27 00:24:05] INFO root fetch - processPackages [modal]: executing diffoscope
[2023-06-27 00:24:05] INFO root fetch - processPackages [modal]: podman run --user 0:0 --rm -w /home/abi/fetcher -v /home/abi/fetcher/tmp:/home/abi/fetcher/tmp:ro -v /home/abi/fetcher/20230627:/home/abi/fetcher/20230627:rw registry.salsa.debian.org/reproducible-builds/diffoscope --no-progress tmp/modal-0.49.2471-py3-none-any.whl.zip tmp/modal-0.49.2475-py3-none-any.whl.zip --markdown 20230627/m/modal/0.49.2471-0.49.2475/diff.md --exclude *.pyd
[2023-06-27 00:24:06] INFO root fetch - processPackages [taxhub]: Downloading https://files.pythonhosted.org/packages/89/88/a9a6e22ed0a383aacf3e111b9ff77bcef44a8b8713b63ff908e99841d8e5/taxhub-1.9.4.tar.gz
[2023-06-27 00:24:06] INFO root fetch - processPackages [modal-client]: executing diffoscope
[2023-06-27 00:24:06] INFO root fetch - processPackages [modal-client]: podman run --user 0:0 --rm -w /home/abi/fetcher -v /home/abi/fetcher/tmp:/home/abi/fetcher/tmp:ro -v /home/abi/fetcher/20230627:/home/abi/fetcher/20230627:rw registry.salsa.debian.org/reproducible-builds/diffoscope --no-progress tmp/modal_client-0.49.2471-py3-none-any.whl.zip tmp/modal_client-0.49.2475-py3-none-any.whl.zip --markdown 20230627/m/modal-client/0.49.2471-0.49.2475/diff.md --exclude *.pyd
[2023-06-27 00:24:06] INFO root fetch - processPackages [aind-data-transfer]: executing diffoscope
[2023-06-27 00:24:06] INFO root fetch - processPackages [aind-data-transfer]: podman run --user 0:0 --rm -w /home/abi/fetcher -v /home/abi/fetcher/tmp:/home/abi/fetcher/tmp:ro -v /home/abi/fetcher/20230627:/home/abi/fetcher/20230627:rw registry.salsa.debian.org/reproducible-builds/diffoscope --no-progress tmp/aind-data-transfer-0.9.2.tar.gz tmp/aind-data-transfer-0.9.3.tar.gz --markdown 20230627/a/aind-data-transfer/0.9.2-0.9.3/diff.md --exclude *.pyd
[2023-06-27 00:24:06] INFO root fetch - processPackages [vivintpy]: executing diffoscope
[2023-06-27 00:24:06] INFO root fetch - processPackages [vivintpy]: podman run --user 0:0 --rm -w /home/abi/fetcher -v /home/abi/fetcher/tmp:/home/abi/fetcher/tmp:ro -v /home/abi/fetcher/20230627:/home/abi/fetcher/20230627:rw registry.salsa.debian.org/reproducible-builds/diffoscope --no-progress tmp/vivintpy-2023.3.3.tar.gz tmp/vivintpy-2023.3.4.tar.gz --markdown 20230627/v/vivintpy/2023.3.3-2023.3.4/diff.md --exclude *.pyd
[2023-06-27 00:24:06] INFO root fetch - processPackages [taxhub]: executing diffoscope
[2023-06-27 00:24:06] INFO root fetch - processPackages [taxhub]: podman run --user 0:0 --rm -w /home/abi/fetcher -v /home/abi/fetcher/tmp:/home/abi/fetcher/tmp:ro -v /home/abi/fetcher/20230627:/home/abi/fetcher/20230627:rw registry.salsa.debian.org/reproducible-builds/diffoscope --no-progress tmp/taxhub-1.9.3.tar.gz tmp/taxhub-1.9.4.tar.gz --markdown 20230627/t/taxhub/1.9.3-1.9.4/diff.md --exclude *.pyd
[2023-06-27 00:24:06] INFO root fetch - processPackages [modal]: Remove: archive file [/home/abi/fetcher/tmp/modal-0.49.2471-py3-none-any.whl.zip]
[2023-06-27 00:24:06] INFO root fetch - processPackages [modal]: Remove: archive file [/home/abi/fetcher/tmp/modal-0.49.2475-py3-none-any.whl.zip]
[2023-06-27 00:24:06] INFO root fetch - main [MainThread]: End processing [modal]: success
[2023-06-27 00:24:07] INFO root fetch - processPackages [vivintpy]: Remove: archive file [/home/abi/fetcher/tmp/vivintpy-2023.3.3.tar.gz]
[2023-06-27 00:24:07] INFO root fetch - processPackages [vivintpy]: Remove: archive file [/home/abi/fetcher/tmp/vivintpy-2023.3.4.tar.gz]
[2023-06-27 00:24:07] INFO root fetch - main [MainThread]: End processing [vivintpy]: success
[2023-06-27 00:24:07] INFO root fetch - processPackages [taxhub]: Remove: archive file [/home/abi/fetcher/tmp/taxhub-1.9.3.tar.gz]
[2023-06-27 00:24:07] INFO root fetch - processPackages [taxhub]: Remove: archive file [/home/abi/fetcher/tmp/taxhub-1.9.4.tar.gz]
[2023-06-27 00:24:07] INFO root fetch - main [MainThread]: End processing [taxhub]: success
[2023-06-27 00:24:07] INFO root fetch - processPackages [modal-client]: Remove: archive file [/home/abi/fetcher/tmp/modal_client-0.49.2471-py3-none-any.whl.zip]
[2023-06-27 00:24:07] INFO root fetch - processPackages [modal-client]: Remove: archive file [/home/abi/fetcher/tmp/modal_client-0.49.2475-py3-none-any.whl.zip]
[2023-06-27 00:24:07] INFO root fetch - main [MainThread]: End processing [modal-client]: success
[2023-06-27 00:24:09] INFO root fetch - processPackages [aind-data-transfer]: Remove: archive file [/home/abi/fetcher/tmp/aind-data-transfer-0.9.2.tar.gz]
[2023-06-27 00:24:09] INFO root fetch - processPackages [aind-data-transfer]: Remove: archive file [/home/abi/fetcher/tmp/aind-data-transfer-0.9.3.tar.gz]
[2023-06-27 00:24:09] INFO root fetch - main [MainThread]: End processing [aind-data-transfer]: success
[2023-06-27 00:24:09] INFO root fetch - main [MainThread]: Store serial: [18653553]
